<?xml version="1.0" encoding='shift_jis' standalone='yes' ?>
<TestRun>
<CounterTest>
<Test id="1">
<Name>testInit</Name>
</Test>
<Test id="2">
<Name>testSetValue</Name>
</Test>
<Test id="3">
<Name>testInc</Name>
</Test>
<Test id="4">
<Name>testDec</Name>
</Test>
<Test id="5">
<Name>testClr</Name>
</Test>
</CounterTest>
<PersonTest>
<Test id="6">
<Name>testfullname</Name>
</Test>
<Test id="7">
<Name>testfirstname</Name>
</Test>
<Test id="8">
<Name>testlastname</Name>
</Test>
<Test id="9">
<Name>testsetfullname</Name>
</Test>
<Test id="10">
<Name>testsetfirstname</Name>
</Test>
<Test id="11">
<Name>testsetlastname</Name>
</Test>
<Test id="12">
<Name>testnullcharfullname</Name>
</Test>
<Test id="13">
<Name>testnullpointerfullname</Name>
</Test>
<Test id="14">
<Name>testnosepfullname</Name>
</Test>
</PersonTest>
<Statistics>
<Tests>14</Tests>
</Statistics>
</TestRun>
