<?xml version="1.0"?>
<?xml-stylesheet type="text/xsl" href="http://check.sourceforge.net/xml/check_unittest.xslt"?>
<testsuites xmlns="http://check.sourceforge.net/ns">
  <datetime>2016-06-02 16:17:19</datetime>
  <suite>
    <title>Money</title>
    <test result="success">
      <path>.</path>
      <fn>example.c:4</fn>
      <id>test_money_create</id>
      <iteration>0</iteration>
      <duration>0.000018</duration>
      <description>Core</description>
      <message>Passed</message>
    </test>
  </suite>
  <duration>0.000574</duration>
</testsuites>
